Flow report for RAM
Thu Dec 17 19:40:36 2020
Quartus II Version 9.0 Build 235 06/17/2009 Service Pack 2 SJ Web Edition


---------------------
; Table of Contents ;
---------------------
  1. Legal Notice
  2. Flow Summary
  3. Flow Settings
  4. Flow Non-Default Global Settings
  5. Flow Elapsed Time
  6. Flow OS Summary
  7. Flow Log



----------------
; Legal Notice ;
----------------
Copyright (C) 1991-2009 Altera Corporation
Your use of Altera Corporation's design tools, logic functions 
and other software and tools, and its AMPP partner logic 
functions, and any output files from any of the foregoing 
(including device programming or simulation files), and any 
associated documentation or information are expressly subject 
to the terms and conditions of the Altera Program License 
Subscription Agreement, Altera MegaCore Function License 
Agreement, or other applicable license agreement, including, 
without limitation, that your use is for the sole purpose of 
programming logic devices manufactured by Altera and sold by 
Altera or its authorized distributors.  Please refer to the 
applicable agreement for further details.



+------------------------------------------------------------------------------+
; Flow Summary                                                                 ;
+-------------------------------+----------------------------------------------+
; Flow Status                   ; Successful - Thu Dec 17 19:40:36 2020        ;
; Quartus II Version            ; 9.0 Build 235 06/17/2009 SP 2 SJ Web Edition ;
; Revision Name                 ; RAM                                          ;
; Top-level Entity Name         ; littleProc                                   ;
; Family                        ; Stratix II                                   ;
; Met timing requirements       ; Yes                                          ;
; Logic utilization             ; 1 %                                          ;
;     Combinational ALUTs       ; 156 / 12,480 ( 1 % )                         ;
;     Dedicated logic registers ; 95 / 12,480 ( < 1 % )                        ;
; Total registers               ; 95                                           ;
; Total pins                    ; 4 / 343 ( 1 % )                              ;
; Total virtual pins            ; 0                                            ;
; Total block memory bits       ; 9,216 / 419,328 ( 2 % )                      ;
; DSP block 9-bit elements      ; 0 / 96 ( 0 % )                               ;
; Total PLLs                    ; 0 / 6 ( 0 % )                                ;
; Total DLLs                    ; 0 / 2 ( 0 % )                                ;
; Device                        ; EP2S15F484C3                                 ;
; Timing Models                 ; Final                                        ;
+-------------------------------+----------------------------------------------+


+-----------------------------------------+
; Flow Settings                           ;
+-------------------+---------------------+
; Option            ; Setting             ;
+-------------------+---------------------+
; Start date & time ; 12/17/2020 19:40:27 ;
; Main task         ; Compilation         ;
; Revision Name     ; RAM                 ;
+-------------------+---------------------+


+----------------------------------------------------------------------------------------------------+
; Flow Non-Default Global Settings                                                                   ;
+------------------------+--------------------------------+---------------+-------------+------------+
; Assignment Name        ; Value                          ; Default Value ; Entity Name ; Section Id ;
+------------------------+--------------------------------+---------------+-------------+------------+
; COMPILER_SIGNATURE_ID  ; 10995770589187.160823042740164 ; --            ; --          ; --         ;
; IP_TOOL_NAME           ; RAM: 1-PORT                    ; --            ; --          ; --         ;
; IP_TOOL_VERSION        ; 9.0                            ; --            ; --          ; --         ;
; MISC_FILE              ; MemoryL1.bsf                   ; --            ; --          ; --         ;
; MISC_FILE              ; MemoryL1.cmp                   ; --            ; --          ; --         ;
; PARTITION_COLOR        ; 16764057                       ; --            ; --          ; Top        ;
; PARTITION_COLOR        ; 16764057                       ; --            ; littleProc  ; Top        ;
; PARTITION_NETLIST_TYPE ; SOURCE                         ; --            ; --          ; Top        ;
; PARTITION_NETLIST_TYPE ; SOURCE                         ; --            ; littleProc  ; Top        ;
; TOP_LEVEL_ENTITY       ; littleProc                     ; RAM           ; --          ; --         ;
+------------------------+--------------------------------+---------------+-------------+------------+


+-----------------------------------------------------------------------------------------------------------------------------+
; Flow Elapsed Time                                                                                                           ;
+-------------------------+--------------+-------------------------+---------------------+------------------------------------+
; Module Name             ; Elapsed Time ; Average Processors Used ; Peak Virtual Memory ; Total CPU Time (on all processors) ;
+-------------------------+--------------+-------------------------+---------------------+------------------------------------+
; Analysis & Synthesis    ; 00:00:02     ; 1.0                     ; 265 MB              ; 00:00:02                           ;
; Fitter                  ; 00:00:03     ; 1.0                     ; 300 MB              ; 00:00:03                           ;
; Assembler               ; 00:00:01     ; 1.0                     ; 255 MB              ; 00:00:01                           ;
; Classic Timing Analyzer ; 00:00:00     ; 1.0                     ; 189 MB              ; 00:00:00                           ;
; Total                   ; 00:00:06     ; --                      ; --                  ; 00:00:06                           ;
+-------------------------+--------------+-------------------------+---------------------+------------------------------------+


+------------------------------------------------------------------------------------------+
; Flow OS Summary                                                                          ;
+-------------------------+------------------+---------------+------------+----------------+
; Module Name             ; Machine Hostname ; OS Name       ; OS Version ; Processor type ;
+-------------------------+------------------+---------------+------------+----------------+
; Analysis & Synthesis    ; DESKTOP-INJQVTU  ; Windows Vista ; 6.2        ; x86_64         ;
; Fitter                  ; DESKTOP-INJQVTU  ; Windows Vista ; 6.2        ; x86_64         ;
; Assembler               ; DESKTOP-INJQVTU  ; Windows Vista ; 6.2        ; x86_64         ;
; Classic Timing Analyzer ; DESKTOP-INJQVTU  ; Windows Vista ; 6.2        ; x86_64         ;
+-------------------------+------------------+---------------+------------+----------------+


------------
; Flow Log ;
------------
quartus_map --read_settings_files=on --write_settings_files=off RAM -c RAM
quartus_fit --read_settings_files=off --write_settings_files=off RAM -c RAM
quartus_asm --read_settings_files=off --write_settings_files=off RAM -c RAM
quartus_tan --read_settings_files=off --write_settings_files=off RAM -c RAM --timing_analysis_only



